<?xml version="1.0" encoding="UTF-8"?>
<!-- Generated by org.testng.reporters.JUnitXMLReporter -->
<testsuite ignored="0" hostname="LAPTOP-C2GKEJQ5" failures="0" tests="4" name="Default test" time="20.629" errors="0" timestamp="2024-12-30T16:09:26 IST">
  <testcase classname="dataProviderDemo.TestLogin" name="testCredentials" time="5.14"/>
  <testcase classname="dataProviderDemo.TestLogin" name="testCredentials" time="6.82"/>
  <testcase classname="dataProviderDemo.TestLogin" name="testCredentials" time="3.463"/>
  <testcase classname="dataProviderDemo.TestLogin" name="testCredentials" time="5.152"/>
</testsuite> <!-- Default test -->
