<?xml version="1.0" encoding="UTF-8"?>
<!-- Generated by org.testng.reporters.JUnitXMLReporter -->
<testsuite ignored="6" hostname="LAPTOP-C2GKEJQ5" failures="3" tests="3" name="Test(failed)" time="0.081" errors="0" timestamp="2024-12-18T13:20:02 IST">
  <testcase classname="TestNGPackage2.RegisterTestCases" name="txtLastName" time="0.022">
    <failure type="java.lang.AssertionError" message="expected [testing] but found [normal]">
      <![CDATA[java.lang.AssertionError: expected [testing] but found [normal]
at TestNGPackage2.RegisterTestCases.txtLastName(RegisterTestCases.java:17)
at java.base/java.util.ArrayList.forEach(ArrayList.java:1596)
... Removed 31 stack frames]]>
    </failure>
  </testcase> <!-- txtLastName -->
  <testcase classname="TestNGPackage2.LoginTestCases" name="txtPassword" time="0.001">
    <failure type="java.lang.AssertionError" message="expected [password] but found [123245]">
      <![CDATA[java.lang.AssertionError: expected [password] but found [123245]
at TestNGPackage2.LoginTestCases.txtPassword(LoginTestCases.java:17)
at java.base/java.util.ArrayList.forEach(ArrayList.java:1596)
... Removed 31 stack frames]]>
    </failure>
  </testcase> <!-- txtPassword -->
  <testcase classname="TestNGPackage2.HomeTestCases" name="aboutUs" time="0.002">
    <failure type="java.lang.AssertionError" message="expected [2] but found [3]">
      <![CDATA[java.lang.AssertionError: expected [2] but found [3]
at TestNGPackage2.HomeTestCases.aboutUs(HomeTestCases.java:23)
at java.base/java.util.ArrayList.forEach(ArrayList.java:1596)
... Removed 32 stack frames]]>
    </failure>
  </testcase> <!-- aboutUs -->
  <testcase classname="TestNGPackage2.RegisterTestCases" name="btnSignIn" time="0.0">
    <ignored/>
  </testcase> <!-- btnSignIn -->
  <testcase classname="TestNGPackage2.HomeTestCases" name="logout" time="0.0">
    <ignored/>
  </testcase> <!-- logout -->
  <testcase classname="TestNGPackage2.HomeTestCases" name="dashBoard" time="0.0">
    <ignored/>
  </testcase> <!-- dashBoard -->
  <testcase classname="TestNGPackage2.LoginTestCases" name="btnLogin" time="0.0">
    <ignored/>
  </testcase> <!-- btnLogin -->
  <testcase classname="TestNGPackage2.RegisterTestCases" name="txtFirstName" time="0.0">
    <ignored/>
  </testcase> <!-- txtFirstName -->
  <testcase classname="TestNGPackage2.LoginTestCases" name="txtUsername" time="0.0">
    <ignored/>
  </testcase> <!-- txtUsername -->
</testsuite> <!-- Test(failed) -->
