<?xml version="1.0" encoding="UTF-8"?>
<testng-results ignored="0" total="4" passed="4" failed="0" skipped="0">
  <reporter-output>
  </reporter-output>
  <suite started-at="2024-12-30T16:09:06 IST" name="Default suite" finished-at="2024-12-30T16:09:26 IST" duration-ms="20629">
    <groups>
    </groups>
    <test started-at="2024-12-30T16:09:06 IST" name="Default test" finished-at="2024-12-30T16:09:26 IST" duration-ms="20629">
      <class name="dataProviderDemo.TestLogin">
        <test-method signature="testCredentials(java.lang.String,java.lang.String)[pri:0, instance:dataProviderDemo.TestLogin@6d4d66d2]" started-at="2024-12-30T16:09:06 IST" name="testCredentials" data-provider="Login_Data" finished-at="2024-12-30T16:09:11 IST" duration-ms="5140" status="PASS">
          <params>
            <param index="0">
              <value>
                <![CDATA[admin]]>
              </value>
            </param>
            <param index="1">
              <value>
                <![CDATA[password123]]>
              </value>
            </param>
          </params>
          <reporter-output>
          </reporter-output>
        </test-method> <!-- testCredentials -->
        <test-method signature="testCredentials(java.lang.String,java.lang.String)[pri:0, instance:dataProviderDemo.TestLogin@6d4d66d2]" started-at="2024-12-30T16:09:11 IST" name="testCredentials" data-provider="Login_Data" finished-at="2024-12-30T16:09:18 IST" duration-ms="6820" status="PASS">
          <params>
            <param index="0">
              <value>
                <![CDATA[admin123]]>
              </value>
            </param>
            <param index="1">
              <value>
                <![CDATA[pass1234]]>
              </value>
            </param>
          </params>
          <reporter-output>
          </reporter-output>
        </test-method> <!-- testCredentials -->
        <test-method signature="testCredentials(java.lang.String,java.lang.String)[pri:0, instance:dataProviderDemo.TestLogin@6d4d66d2]" started-at="2024-12-30T16:09:18 IST" name="testCredentials" data-provider="Login_Data" finished-at="2024-12-30T16:09:21 IST" duration-ms="3463" status="PASS">
          <params>
            <param index="0">
              <value>
                <![CDATA[#@$%]]>
              </value>
            </param>
            <param index="1">
              <value>
                <![CDATA[%@&@$]]>
              </value>
            </param>
          </params>
          <reporter-output>
          </reporter-output>
        </test-method> <!-- testCredentials -->
        <test-method signature="testCredentials(java.lang.String,java.lang.String)[pri:0, instance:dataProviderDemo.TestLogin@6d4d66d2]" started-at="2024-12-30T16:09:21 IST" name="testCredentials" data-provider="Login_Data" finished-at="2024-12-30T16:09:26 IST" duration-ms="5152" status="PASS">
          <params>
            <param index="0">
              <value>
                <![CDATA[  ]]>
              </value>
            </param>
            <param index="1">
              <value>
                <![CDATA[  ]]>
              </value>
            </param>
          </params>
          <reporter-output>
          </reporter-output>
        </test-method> <!-- testCredentials -->
      </class> <!-- dataProviderDemo.TestLogin -->
    </test> <!-- Default test -->
  </suite> <!-- Default suite -->
</testng-results>
